2024-07-10 14:17:41,615 - distributed.scheduler - WARNING - Removing worker 'tcp://127.0.0.1:38669' caused the cluster to lose already computed task(s), which will be recomputed elsewhere: {('store-map-ab8a78d10ee18abc83e2d503c9abd3a5', 5, 0, 0), ('store-map-ab8a78d10ee18abc83e2d503c9abd3a5', 22, 0, 0), ('store-map-ab8a78d10ee18abc83e2d503c9abd3a5', 67, 0, 0), ('store-map-7ac08c7460e3be559a44eb5409b47f4f', 22, 0), ('store-map-ab8a78d10ee18abc83e2d503c9abd3a5', 35, 0, 0), ('store-map-7ac08c7460e3be559a44eb5409b47f4f', 13, 0), ('store-map-ab8a78d10ee18abc83e2d503c9abd3a5', 86, 0, 0), ('store-map-7ac08c7460e3be559a44eb5409b47f4f', 35, 0), ('transpose-d2c62e42b8e6e29029645e6f6e3f89a0', 0, 0, 0, 0), ('store-map-7ac08c7460e3be559a44eb5409b47f4f', 4, 0), ('store-map-7ac08c7460e3be559a44eb5409b47f4f', 48, 0), ('transpose-fb6fbcc6fe98368c4d83e338eb0fbab5', 28, 0, 0, 0), ('store-map-7ac08c7460e3be559a44eb5409b47f4f', 61, 0), ('store-map-ab8a78d10ee18abc83e2d503c9abd3a5', 69, 0, 0), ('transpose-9f3f1ee0fbc00b47e14867c515ef1d4e', 28, 0, 0, 0), ('transpose-9f3f1ee0fbc00b47e14867c515ef1d4e', 87, 0, 0, 0), ('transpose-d2c62e42b8e6e29029645e6f6e3f89a0', 67, 0, 0, 0), ('store-map-ab8a78d10ee18abc83e2d503c9abd3a5', 19, 0, 0), ('store-map-ab8a78d10ee18abc83e2d503c9abd3a5', 88, 0, 0), ('store-map-7ac08c7460e3be559a44eb5409b47f4f', 39, 0), ('store-map-ab8a78d10ee18abc83e2d503c9abd3a5', 38, 0, 0), ('store-map-7ac08c7460e3be559a44eb5409b47f4f', 30, 0), ('store-map-7ac08c7460e3be559a44eb5409b47f4f', 41, 0), ('store-map-7ac08c7460e3be559a44eb5409b47f4f', 63, 0), ('store-map-7ac08c7460e3be559a44eb5409b47f4f', 21, 0), ('store-map-ab8a78d10ee18abc83e2d503c9abd3a5', 51, 0, 0), ('store-map-7ac08c7460e3be559a44eb5409b47f4f', 100, 0), ('store-map-7ac08c7460e3be559a44eb5409b47f4f', 76, 0), ('store-map-ab8a78d10ee18abc83e2d503c9abd3a5', 68, 0, 0), ('store-map-ab8a78d10ee18abc83e2d503c9abd3a5', 0, 0, 0), ('store-map-7ac08c7460e3be559a44eb5409b47f4f', 12, 0), ('store-map-7ac08c7460e3be559a44eb5409b47f4f', 78, 0), ('transpose-d2c62e42b8e6e29029645e6f6e3f89a0', 28, 0, 0, 0), ('store-map-ab8a78d10ee18abc83e2d503c9abd3a5', 56, 0, 0), ('store-map-ab8a78d10ee18abc83e2d503c9abd3a5', 53, 0, 0), ('store-map-7ac08c7460e3be559a44eb5409b47f4f', 14, 0), ('store-map-ab8a78d10ee18abc83e2d503c9abd3a5', 37, 0, 0), ('store-map-ab8a78d10ee18abc83e2d503c9abd3a5', 15, 0, 0), ('store-map-7ac08c7460e3be559a44eb5409b47f4f', 73, 0), ('store-map-ab8a78d10ee18abc83e2d503c9abd3a5', 87, 0, 0), ('store-map-ab8a78d10ee18abc83e2d503c9abd3a5', 65, 0, 0), ('store-map-7ac08c7460e3be559a44eb5409b47f4f', 24, 0), ('store-map-ab8a78d10ee18abc83e2d503c9abd3a5', 11, 0, 0), ('store-map-ab8a78d10ee18abc83e2d503c9abd3a5', 84, 0, 0), ('store-map-ab8a78d10ee18abc83e2d503c9abd3a5', 34, 0, 0), ('store-map-ab8a78d10ee18abc83e2d503c9abd3a5', 36, 0, 0), ('store-map-7ac08c7460e3be559a44eb5409b47f4f', 20, 0), ('store-map-7ac08c7460e3be559a44eb5409b47f4f', 53, 0), ('store-map-7ac08c7460e3be559a44eb5409b47f4f', 75, 0), ('store-map-7ac08c7460e3be559a44eb5409b47f4f', 77, 0), ('store-map-ab8a78d10ee18abc83e2d503c9abd3a5', 55, 0, 0), ('store-map-7ac08c7460e3be559a44eb5409b47f4f', 11, 0), ('store-map-7ac08c7460e3be559a44eb5409b47f4f', 57, 0), ('transpose-fb6fbcc6fe98368c4d83e338eb0fbab5', 0, 0, 0, 0), ('store-map-7ac08c7460e3be559a44eb5409b47f4f', 2, 0), ('store-map-ab8a78d10ee18abc83e2d503c9abd3a5', 7, 0, 0), ('store-map-ab8a78d10ee18abc83e2d503c9abd3a5', 85, 0, 0)} (stimulus_id='handle-worker-cleanup-1720613861.6150603')
2024-07-10 14:17:41,615 - distributed.worker - ERROR - Worker stream died during communication: tcp://127.0.0.1:38669
Traceback (most recent call last):
  File "/home/jasperdj/miniconda3/envs/geo/lib/python3.12/site-packages/distributed/comm/tcp.py", line 225, in read
    frames_nosplit_nbytes_bin = await stream.read_bytes(fmt_size)
                                ^^^^^^^^^^^^^^^^^^^^^^^^^^^^^^^^^
tornado.iostream.StreamClosedError: Stream is closed

The above exception was the direct cause of the following exception:

Traceback (most recent call last):
  File "/home/jasperdj/miniconda3/envs/geo/lib/python3.12/site-packages/distributed/worker.py", line 2059, in gather_dep
    response = await get_data_from_worker(
               ^^^^^^^^^^^^^^^^^^^^^^^^^^^
  File "/home/jasperdj/miniconda3/envs/geo/lib/python3.12/site-packages/distributed/worker.py", line 2863, in get_data_from_worker
    response = await send_recv(
               ^^^^^^^^^^^^^^^^
  File "/home/jasperdj/miniconda3/envs/geo/lib/python3.12/site-packages/distributed/core.py", line 1154, in send_recv
    response = await comm.read(deserializers=deserializers)
               ^^^^^^^^^^^^^^^^^^^^^^^^^^^^^^^^^^^^^^^^^^^^
  File "/home/jasperdj/miniconda3/envs/geo/lib/python3.12/site-packages/distributed/comm/tcp.py", line 236, in read
    convert_stream_closed_error(self, e)
  File "/home/jasperdj/miniconda3/envs/geo/lib/python3.12/site-packages/distributed/comm/tcp.py", line 142, in convert_stream_closed_error
    raise CommClosedError(f"in {obj}: {exc}") from exc
distributed.comm.core.CommClosedError: in <TCP (closed) Ephemeral Worker->Worker for gather local=tcp://127.0.0.1:45072 remote=tcp://127.0.0.1:38669>: Stream is closed
2024-07-10 14:17:41,625 - distributed.nanny - WARNING - Restarting worker
2024-07-10 14:17:41,821 - distributed.scheduler - WARNING - Removing worker 'tcp://127.0.0.1:40623' caused the cluster to lose already computed task(s), which will be recomputed elsewhere: {('transpose-9f3f1ee0fbc00b47e14867c515ef1d4e', 51, 0, 0, 0), ('store-map-ab8a78d10ee18abc83e2d503c9abd3a5', 98, 0, 0), ('store-map-ab8a78d10ee18abc83e2d503c9abd3a5', 45, 0, 0), ('store-map-ab8a78d10ee18abc83e2d503c9abd3a5', 8, 0, 0), ('store-map-ab8a78d10ee18abc83e2d503c9abd3a5', 80, 0, 0), ('store-map-7ac08c7460e3be559a44eb5409b47f4f', 46, 0), ('store-map-7ac08c7460e3be559a44eb5409b47f4f', 92, 0), ('store-map-ab8a78d10ee18abc83e2d503c9abd3a5', 29, 0, 0), ('store-map-7ac08c7460e3be559a44eb5409b47f4f', 83, 0), ('store-map-7ac08c7460e3be559a44eb5409b47f4f', 59, 0), ('store-map-7ac08c7460e3be559a44eb5409b47f4f', 94, 0), ('store-map-7ac08c7460e3be559a44eb5409b47f4f', 6, 0), ('store-map-ab8a78d10ee18abc83e2d503c9abd3a5', 81, 0, 0), ('store-map-ab8a78d10ee18abc83e2d503c9abd3a5', 26, 0, 0), ('store-map-ab8a78d10ee18abc83e2d503c9abd3a5', 47, 0, 0), ('transpose-9f3f1ee0fbc00b47e14867c515ef1d4e', 87, 0, 0, 0), ('store-map-ab8a78d10ee18abc83e2d503c9abd3a5', 82, 0, 0), ('transpose-fb6fbcc6fe98368c4d83e338eb0fbab5', 51, 0, 0, 0), ('store-map-ab8a78d10ee18abc83e2d503c9abd3a5', 66, 0, 0), ('store-map-ab8a78d10ee18abc83e2d503c9abd3a5', 44, 0, 0), ('store-map-7ac08c7460e3be559a44eb5409b47f4f', 87, 0), ('store-map-ab8a78d10ee18abc83e2d503c9abd3a5', 28, 0, 0), ('store-map-ab8a78d10ee18abc83e2d503c9abd3a5', 43, 0, 0), ('store-map-ab8a78d10ee18abc83e2d503c9abd3a5', 18, 0, 0), ('store-map-7ac08c7460e3be559a44eb5409b47f4f', 56, 0), ('store-map-7ac08c7460e3be559a44eb5409b47f4f', 10, 0), ('store-map-ab8a78d10ee18abc83e2d503c9abd3a5', 63, 0, 0), ('store-map-7ac08c7460e3be559a44eb5409b47f4f', 32, 0), ('store-map-7ac08c7460e3be559a44eb5409b47f4f', 65, 0), ('store-map-7ac08c7460e3be559a44eb5409b47f4f', 96, 0), ('store-map-7ac08c7460e3be559a44eb5409b47f4f', 23, 0), ('store-map-7ac08c7460e3be559a44eb5409b47f4f', 45, 0), ('store-map-ab8a78d10ee18abc83e2d503c9abd3a5', 100, 0, 0), ('transpose-d2c62e42b8e6e29029645e6f6e3f89a0', 16, 0, 0, 0), ('store-map-ab8a78d10ee18abc83e2d503c9abd3a5', 62, 0, 0), ('transpose-d2c62e42b8e6e29029645e6f6e3f89a0', 51, 0, 0, 0), ('store-map-a872bbbb3e3fd70e66997102f25cfd08', 0), ('store-map-7ac08c7460e3be559a44eb5409b47f4f', 1, 0), ('store-map-7ac08c7460e3be559a44eb5409b47f4f', 47, 0), ('store-map-ab8a78d10ee18abc83e2d503c9abd3a5', 25, 0, 0), ('store-map-ab8a78d10ee18abc83e2d503c9abd3a5', 64, 0, 0), ('transpose-d2c62e42b8e6e29029645e6f6e3f89a0', 87, 0, 0, 0), ('store-map-7ac08c7460e3be559a44eb5409b47f4f', 27, 0), ('store-map-7ac08c7460e3be559a44eb5409b47f4f', 38, 0), ('store-map-ab8a78d10ee18abc83e2d503c9abd3a5', 99, 0, 0), ('store-map-ab8a78d10ee18abc83e2d503c9abd3a5', 21, 0, 0), ('store-map-ab8a78d10ee18abc83e2d503c9abd3a5', 27, 0, 0), ('store-map-7ac08c7460e3be559a44eb5409b47f4f', 93, 0), ('transpose-fb6fbcc6fe98368c4d83e338eb0fbab5', 29, 0, 0, 0), ('store-map-ab8a78d10ee18abc83e2d503c9abd3a5', 46, 0, 0), ('store-map-7ac08c7460e3be559a44eb5409b47f4f', 84, 0), ('store-map-7ac08c7460e3be559a44eb5409b47f4f', 97, 0), ('store-map-ab8a78d10ee18abc83e2d503c9abd3a5', 14, 0, 0), ('store-map-7ac08c7460e3be559a44eb5409b47f4f', 42, 0), ('store-map-ab8a78d10ee18abc83e2d503c9abd3a5', 83, 0, 0), ('store-map-7ac08c7460e3be559a44eb5409b47f4f', 64, 0), ('store-map-ab8a78d10ee18abc83e2d503c9abd3a5', 61, 0, 0), ('store-map-7ac08c7460e3be559a44eb5409b47f4f', 0, 0), ('store-map-7ac08c7460e3be559a44eb5409b47f4f', 33, 0), ('store-map-7ac08c7460e3be559a44eb5409b47f4f', 44, 0), ('store-map-7ac08c7460e3be559a44eb5409b47f4f', 86, 0), ('store-map-7ac08c7460e3be559a44eb5409b47f4f', 88, 0), ('transpose-fb6fbcc6fe98368c4d83e338eb0fbab5', 87, 0, 0, 0)} (stimulus_id='handle-worker-cleanup-1720613861.8206718')
2024-07-10 14:17:41,820 - distributed.worker - ERROR - Worker stream died during communication: tcp://127.0.0.1:40623
Traceback (most recent call last):
  File "/home/jasperdj/miniconda3/envs/geo/lib/python3.12/site-packages/distributed/comm/tcp.py", line 225, in read
    frames_nosplit_nbytes_bin = await stream.read_bytes(fmt_size)
                                ^^^^^^^^^^^^^^^^^^^^^^^^^^^^^^^^^
tornado.iostream.StreamClosedError: Stream is closed

The above exception was the direct cause of the following exception:

Traceback (most recent call last):
  File "/home/jasperdj/miniconda3/envs/geo/lib/python3.12/site-packages/distributed/worker.py", line 2059, in gather_dep
    response = await get_data_from_worker(
               ^^^^^^^^^^^^^^^^^^^^^^^^^^^
  File "/home/jasperdj/miniconda3/envs/geo/lib/python3.12/site-packages/distributed/worker.py", line 2863, in get_data_from_worker
    response = await send_recv(
               ^^^^^^^^^^^^^^^^
  File "/home/jasperdj/miniconda3/envs/geo/lib/python3.12/site-packages/distributed/core.py", line 1154, in send_recv
    response = await comm.read(deserializers=deserializers)
               ^^^^^^^^^^^^^^^^^^^^^^^^^^^^^^^^^^^^^^^^^^^^
  File "/home/jasperdj/miniconda3/envs/geo/lib/python3.12/site-packages/distributed/comm/tcp.py", line 236, in read
    convert_stream_closed_error(self, e)
  File "/home/jasperdj/miniconda3/envs/geo/lib/python3.12/site-packages/distributed/comm/tcp.py", line 142, in convert_stream_closed_error
    raise CommClosedError(f"in {obj}: {exc}") from exc
distributed.comm.core.CommClosedError: in <TCP (closed) Ephemeral Worker->Worker for gather local=tcp://127.0.0.1:39974 remote=tcp://127.0.0.1:40623>: Stream is closed
2024-07-10 14:17:41,829 - distributed.nanny - WARNING - Restarting worker
2024-07-10 14:17:41,885 - distributed.worker - ERROR - Worker stream died during communication: tcp://127.0.0.1:40623
Traceback (most recent call last):
  File "/home/jasperdj/miniconda3/envs/geo/lib/python3.12/site-packages/distributed/comm/tcp.py", line 225, in read
    frames_nosplit_nbytes_bin = await stream.read_bytes(fmt_size)
                                ^^^^^^^^^^^^^^^^^^^^^^^^^^^^^^^^^
tornado.iostream.StreamClosedError: Stream is closed

The above exception was the direct cause of the following exception:

Traceback (most recent call last):
  File "/home/jasperdj/miniconda3/envs/geo/lib/python3.12/site-packages/distributed/worker.py", line 2059, in gather_dep
    response = await get_data_from_worker(
               ^^^^^^^^^^^^^^^^^^^^^^^^^^^
  File "/home/jasperdj/miniconda3/envs/geo/lib/python3.12/site-packages/distributed/worker.py", line 2863, in get_data_from_worker
    response = await send_recv(
               ^^^^^^^^^^^^^^^^
  File "/home/jasperdj/miniconda3/envs/geo/lib/python3.12/site-packages/distributed/core.py", line 1154, in send_recv
    response = await comm.read(deserializers=deserializers)
               ^^^^^^^^^^^^^^^^^^^^^^^^^^^^^^^^^^^^^^^^^^^^
  File "/home/jasperdj/miniconda3/envs/geo/lib/python3.12/site-packages/distributed/comm/tcp.py", line 236, in read
    convert_stream_closed_error(self, e)
  File "/home/jasperdj/miniconda3/envs/geo/lib/python3.12/site-packages/distributed/comm/tcp.py", line 142, in convert_stream_closed_error
    raise CommClosedError(f"in {obj}: {exc}") from exc
distributed.comm.core.CommClosedError: in <TCP (closed) Ephemeral Worker->Worker for gather local=tcp://127.0.0.1:39962 remote=tcp://127.0.0.1:40623>: Stream is closed
2024-07-10 14:17:41,886 - distributed.worker - ERROR - failed during get data with tcp://127.0.0.1:43899 -> tcp://127.0.0.1:40623
Traceback (most recent call last):
  File "/home/jasperdj/miniconda3/envs/geo/lib/python3.12/site-packages/distributed/comm/tcp.py", line 225, in read
    frames_nosplit_nbytes_bin = await stream.read_bytes(fmt_size)
                                ^^^^^^^^^^^^^^^^^^^^^^^^^^^^^^^^^
tornado.iostream.StreamClosedError: Stream is closed

The above exception was the direct cause of the following exception:

Traceback (most recent call last):
  File "/home/jasperdj/miniconda3/envs/geo/lib/python3.12/site-packages/distributed/worker.py", line 1783, in get_data
    response = await comm.read(deserializers=serializers)
               ^^^^^^^^^^^^^^^^^^^^^^^^^^^^^^^^^^^^^^^^^^
  File "/home/jasperdj/miniconda3/envs/geo/lib/python3.12/site-packages/distributed/comm/tcp.py", line 236, in read
    convert_stream_closed_error(self, e)
  File "/home/jasperdj/miniconda3/envs/geo/lib/python3.12/site-packages/distributed/comm/tcp.py", line 142, in convert_stream_closed_error
    raise CommClosedError(f"in {obj}: {exc}") from exc
distributed.comm.core.CommClosedError: in <TCP (closed)  local=tcp://127.0.0.1:43899 remote=tcp://127.0.0.1:51826>: Stream is closed
2024-07-10 14:17:41,910 - distributed.scheduler - WARNING - Removing worker 'tcp://127.0.0.1:43899' caused the cluster to lose already computed task(s), which will be recomputed elsewhere: {('store-map-ab8a78d10ee18abc83e2d503c9abd3a5', 17, 0, 0), ('getitem-7b5e70061d17bdb24b4816d67fbea75d', 0, 4, 0, 0), ('store-map-ab8a78d10ee18abc83e2d503c9abd3a5', 10, 0, 0), ('store-map-ab8a78d10ee18abc83e2d503c9abd3a5', 95, 0, 0), ('transpose-9f3f1ee0fbc00b47e14867c515ef1d4e', 16, 0, 0, 0), ('store-map-ab8a78d10ee18abc83e2d503c9abd3a5', 57, 0, 0), ('store-map-7ac08c7460e3be559a44eb5409b47f4f', 79, 0), ('store-map-7ac08c7460e3be559a44eb5409b47f4f', 37, 0), ('store-map-ab8a78d10ee18abc83e2d503c9abd3a5', 93, 0, 0), ('store-map-7ac08c7460e3be559a44eb5409b47f4f', 70, 0), ('store-map-7ac08c7460e3be559a44eb5409b47f4f', 81, 0), ('store-map-7ac08c7460e3be559a44eb5409b47f4f', 28, 0), ('store-map-7ac08c7460e3be559a44eb5409b47f4f', 74, 0), ('store-map-ab8a78d10ee18abc83e2d503c9abd3a5', 42, 0, 0), ('store-map-ab8a78d10ee18abc83e2d503c9abd3a5', 20, 0, 0), ('store-map-ab8a78d10ee18abc83e2d503c9abd3a5', 4, 0, 0), ('store-map-ab8a78d10ee18abc83e2d503c9abd3a5', 94, 0, 0), ('store-map-ab8a78d10ee18abc83e2d503c9abd3a5', 60, 0, 0), ('transpose-9f3f1ee0fbc00b47e14867c515ef1d4e', 45, 0, 0, 0), ('store-map-ab8a78d10ee18abc83e2d503c9abd3a5', 76, 0, 0), ('store-map-7ac08c7460e3be559a44eb5409b47f4f', 8, 0), ('store-map-7ac08c7460e3be559a44eb5409b47f4f', 98, 0), ('store-map-7ac08c7460e3be559a44eb5409b47f4f', 85, 0), ('store-map-ab8a78d10ee18abc83e2d503c9abd3a5', 6, 0, 0), ('store-map-ab8a78d10ee18abc83e2d503c9abd3a5', 79, 0, 0), ('store-map-7ac08c7460e3be559a44eb5409b47f4f', 43, 0), ('store-map-7ac08c7460e3be559a44eb5409b47f4f', 54, 0), ('store-map-ab8a78d10ee18abc83e2d503c9abd3a5', 41, 0, 0), ('concatenate-06600154737d76c5fccb79c7a1debfd2', 0, 0, 0), ('store-map-7ac08c7460e3be559a44eb5409b47f4f', 69, 0), ('store-map-ab8a78d10ee18abc83e2d503c9abd3a5', 78, 0, 0), ('store-map-ab8a78d10ee18abc83e2d503c9abd3a5', 13, 0, 0), ('store-map-ab8a78d10ee18abc83e2d503c9abd3a5', 40, 0, 0), ('store-map-7ac08c7460e3be559a44eb5409b47f4f', 34, 0), ('transpose-fb6fbcc6fe98368c4d83e338eb0fbab5', 16, 0, 0, 0), ('store-map-7ac08c7460e3be559a44eb5409b47f4f', 89, 0), ('store-map-7ac08c7460e3be559a44eb5409b47f4f', 3, 0), ('store-map-7ac08c7460e3be559a44eb5409b47f4f', 25, 0), ('store-map-7ac08c7460e3be559a44eb5409b47f4f', 58, 0), ('store-map-7ac08c7460e3be559a44eb5409b47f4f', 80, 0), ('store-map-7ac08c7460e3be559a44eb5409b47f4f', 82, 0), ('store-map-7ac08c7460e3be559a44eb5409b47f4f', 91, 0), ('transpose-9f3f1ee0fbc00b47e14867c515ef1d4e', 0, 0, 0, 0), ('store-map-ab8a78d10ee18abc83e2d503c9abd3a5', 97, 0, 0), ('store-map-7ac08c7460e3be559a44eb5409b47f4f', 49, 0), ('store-map-ab8a78d10ee18abc83e2d503c9abd3a5', 75, 0, 0), ('store-map-7ac08c7460e3be559a44eb5409b47f4f', 71, 0), ('store-map-ab8a78d10ee18abc83e2d503c9abd3a5', 77, 0, 0), ('store-map-7ac08c7460e3be559a44eb5409b47f4f', 7, 0), ('store-map-ab8a78d10ee18abc83e2d503c9abd3a5', 24, 0, 0), ('store-map-7ac08c7460e3be559a44eb5409b47f4f', 95, 0), ('transpose-fb6fbcc6fe98368c4d83e338eb0fbab5', 45, 0, 0, 0), ('store-map-ab8a78d10ee18abc83e2d503c9abd3a5', 59, 0, 0), ('transpose-d2c62e42b8e6e29029645e6f6e3f89a0', 45, 0, 0, 0), ('store-map-7ac08c7460e3be559a44eb5409b47f4f', 60, 0), ('store-map-ab8a78d10ee18abc83e2d503c9abd3a5', 39, 0, 0), ('store-map-7ac08c7460e3be559a44eb5409b47f4f', 9, 0), ('store-map-7ac08c7460e3be559a44eb5409b47f4f', 99, 0), ('transpose-9f3f1ee0fbc00b47e14867c515ef1d4e', 67, 0, 0, 0), ('store-map-7ac08c7460e3be559a44eb5409b47f4f', 90, 0), ('store-map-ab8a78d10ee18abc83e2d503c9abd3a5', 96, 0, 0), ('store-map-ab8a78d10ee18abc83e2d503c9abd3a5', 58, 0, 0)} (stimulus_id='handle-worker-cleanup-1720613861.909711')
2024-07-10 14:17:41,918 - distributed.nanny - WARNING - Restarting worker
2024-07-10 14:17:42,173 - distributed.scheduler - WARNING - Removing worker 'tcp://127.0.0.1:34889' caused the cluster to lose already computed task(s), which will be recomputed elsewhere: {('store-map-ab8a78d10ee18abc83e2d503c9abd3a5', 73, 0, 0), ('store-map-ab8a78d10ee18abc83e2d503c9abd3a5', 30, 0, 0), ('store-map-ab8a78d10ee18abc83e2d503c9abd3a5', 92, 0, 0), ('store-map-7ac08c7460e3be559a44eb5409b47f4f', 68, 0), ('store-map-ab8a78d10ee18abc83e2d503c9abd3a5', 70, 0, 0), ('transpose-fb6fbcc6fe98368c4d83e338eb0fbab5', 84, 0, 0, 0), ('store-map-7ac08c7460e3be559a44eb5409b47f4f', 15, 0), ('store-map-7ac08c7460e3be559a44eb5409b47f4f', 26, 0), ('array-91eae183989bb5b19867df0daedfdd55', 0), ('store-map-ab8a78d10ee18abc83e2d503c9abd3a5', 3, 0, 0), ('store-map-7ac08c7460e3be559a44eb5409b47f4f', 17, 0), ('store-map-7ac08c7460e3be559a44eb5409b47f4f', 50, 0), ('store-map-7ac08c7460e3be559a44eb5409b47f4f', 52, 0), ('store-map-ab8a78d10ee18abc83e2d503c9abd3a5', 32, 0, 0), ('store-map-7ac08c7460e3be559a44eb5409b47f4f', 19, 0), ('open_dataset-V-concatenate-concatenate-a446efa3a00c1a3a2f75a357a6bfdb7e', 4, 0, 0, 0), ('store-map-ab8a78d10ee18abc83e2d503c9abd3a5', 31, 0, 0), ('getitem-7039e1f630eb9e488b570873c745d22d', 0, 0, 0, 0), ('store-map-ab8a78d10ee18abc83e2d503c9abd3a5', 72, 0, 0), ('concatenate-a446efa3a00c1a3a2f75a357a6bfdb7e', 67, 0, 0, 0), ('transpose-d2c62e42b8e6e29029645e6f6e3f89a0', 12, 0, 0, 0), ('store-map-ab8a78d10ee18abc83e2d503c9abd3a5', 54, 0, 0), ('store-map-7ac08c7460e3be559a44eb5409b47f4f', 72, 0), ('transpose-d2c62e42b8e6e29029645e6f6e3f89a0', 84, 0, 0, 0), ('transpose-d2c62e42b8e6e29029645e6f6e3f89a0', 29, 0, 0, 0), ('store-map-ab8a78d10ee18abc83e2d503c9abd3a5', 16, 0, 0), ('store-map-ab8a78d10ee18abc83e2d503c9abd3a5', 90, 0, 0), ('store-map-7ac08c7460e3be559a44eb5409b47f4f', 36, 0), ('transpose-9f3f1ee0fbc00b47e14867c515ef1d4e', 12, 0, 0, 0), ('store-map-ab8a78d10ee18abc83e2d503c9abd3a5', 50, 0, 0), ('transpose-9f3f1ee0fbc00b47e14867c515ef1d4e', 29, 0, 0, 0), ('store-map-ab8a78d10ee18abc83e2d503c9abd3a5', 91, 0, 0), ('store-map-ab8a78d10ee18abc83e2d503c9abd3a5', 2, 0, 0), ('store-map-7ac08c7460e3be559a44eb5409b47f4f', 66, 0), ('store-map-ab8a78d10ee18abc83e2d503c9abd3a5', 12, 0, 0), ('store-map-7ac08c7460e3be559a44eb5409b47f4f', 67, 0), ('store-map-ab8a78d10ee18abc83e2d503c9abd3a5', 74, 0, 0), ('store-map-ab8a78d10ee18abc83e2d503c9abd3a5', 52, 0, 0), ('store-map-ab8a78d10ee18abc83e2d503c9abd3a5', 9, 0, 0), ('store-map-7ac08c7460e3be559a44eb5409b47f4f', 16, 0), ('store-map-7ac08c7460e3be559a44eb5409b47f4f', 5, 0), ('store-map-7ac08c7460e3be559a44eb5409b47f4f', 62, 0), ('store-map-7ac08c7460e3be559a44eb5409b47f4f', 31, 0), ('store-map-7ac08c7460e3be559a44eb5409b47f4f', 29, 0), ('store-map-7ac08c7460e3be559a44eb5409b47f4f', 40, 0), ('store-map-ab8a78d10ee18abc83e2d503c9abd3a5', 33, 0, 0), ('store-map-ab8a78d10ee18abc83e2d503c9abd3a5', 48, 0, 0), ('store-map-ab8a78d10ee18abc83e2d503c9abd3a5', 89, 0, 0), ('store-map-7ac08c7460e3be559a44eb5409b47f4f', 18, 0), ('store-map-7ac08c7460e3be559a44eb5409b47f4f', 51, 0), ('getitem-4179203977017cc206cea5dc41052c01', 0, 0, 0, 0), ('transpose-fb6fbcc6fe98368c4d83e338eb0fbab5', 12, 0, 0, 0), ('store-map-ab8a78d10ee18abc83e2d503c9abd3a5', 71, 0, 0), ('store-map-ab8a78d10ee18abc83e2d503c9abd3a5', 49, 0, 0), ('store-map-7ac08c7460e3be559a44eb5409b47f4f', 55, 0), ('store-map-ab8a78d10ee18abc83e2d503c9abd3a5', 23, 0, 0), ('transpose-9f3f1ee0fbc00b47e14867c515ef1d4e', 84, 0, 0, 0), ('store-map-ab8a78d10ee18abc83e2d503c9abd3a5', 1, 0, 0)} (stimulus_id='handle-worker-cleanup-1720613862.1732304')
2024-07-10 14:17:42,181 - distributed.nanny - WARNING - Restarting worker
slurmstepd: error: *** JOB 6938198 ON tcn401 CANCELLED AT 2024-07-10T15:01:32 DUE TO TIME LIMIT ***
slurmstepd: error: container_p_join: setns failed for /slurm/6938198/.ns: Invalid argument
slurmstepd: error: container_g_join(6938198): Invalid argument
